<?xml version="1.0" encoding="UTF-8"?>
<!-- Generated by org.testng.reporters.JUnitXMLReporter -->
<testsuite ignored="0" hostname="DESKTOP-2EDHOMH" failures="0" tests="4" name="Default test" time="89.105" errors="0" timestamp="2020-03-29T17:42:05 IST">
  <testcase classname="TestNgClasses.ChromeTestNg" name="Test1" time="11.397"/>
  <testcase classname="TestNgClasses.ChromeTestNg" name="Test2" time="1.768"/>
  <testcase classname="TestNgClasses.ChromeTestNg" name="Test3" time="6.523"/>
  <testcase classname="TestNgClasses.ChromeTestNg" name="Test4" time="22.416"/>
</testsuite> <!-- Default test -->
